<?xml version="1.0" encoding="UTF-8"?>
<!-- Generated by org.testng.reporters.JUnitReportReporter -->
<testsuite hostname="seleniuminstance2-0" failures="0" tests="1" name="runner.Testcase1" time="7.941" errors="0" timestamp="2023-09-20T10:40:14 UTC" skipped="0">
  <testcase classname="runner.Testcase1" name="TC_001" time="7.941"/>
</testsuite> <!-- runner.Testcase1 -->
